[INFO] 2020-01-07 09:21:46,175 web.py 2246:302 GET /fsmain (::1) 130.65ms
[INFO] 2020-01-07 09:21:46,189 hd_login.py 27:GET /login?next=%2Ffsmain (::1) ,login.
[INFO] 2020-01-07 09:21:46,204 web.py 2246:304 GET /login?next=%2Ffsmain (::1) 17.81ms
[INFO] 2020-01-07 09:21:46,938 adminhd.py 23:POST /admin/verifyCode (::1) , imgage code:Pr4g
[INFO] 2020-01-07 09:21:46,939 web.py 2246:200 POST /admin/verifyCode (::1) 502.69ms
[INFO] 2020-01-07 09:21:51,230 hd_login.py 31:POST /login (::1) ,sign in.
[INFO] 2020-01-07 09:21:51,230 hd_login.py 36:Tornado,dgj_039103,pr4g
[INFO] 2020-01-07 09:21:51,232 web.py 2246:200 POST /login (::1) 5.02ms
[INFO] 2020-01-07 09:21:51,245 hd_main.py 21:GET /fsmain (::1) ,main page. curpath: None
[INFO] 2020-01-07 09:21:51,259 web.py 2246:200 GET /fsmain (::1) 16.99ms
[INFO] 2020-01-07 09:22:02,527 hd_main.py 21:GET /fsmain?curpath=public/image (::1) ,main page. curpath: public/image
[INFO] 2020-01-07 09:22:02,557 web.py 2246:200 GET /fsmain?curpath=public/image (::1) 33.94ms
[INFO] 2020-01-07 09:30:22,787 hd_main.py 21:GET /fsmain?curpath=public/image (::1) ,main page. curpath: public/image
[INFO] 2020-01-07 09:30:22,802 web.py 2246:200 GET /fsmain?curpath=public/image (::1) 21.97ms
[INFO] 2020-01-07 09:30:23,090 web.py 2246:200 GET /favicon.ico (::1) 252.33ms
[INFO] 2020-01-07 09:30:57,888 hd_main.py 21:GET /fsmain?curpath=public/image (::1) ,main page. curpath: public/image
[INFO] 2020-01-07 09:30:57,903 web.py 2246:200 GET /fsmain?curpath=public/image (::1) 20.94ms
[INFO] 2020-01-07 09:30:58,183 web.py 2246:200 GET /favicon.ico (::1) 248.33ms
[INFO] 2020-01-07 09:35:35,495 hd_main.py 21:GET /fsmain?curpath=public/image (::1) ,main page. curpath: public/image
[INFO] 2020-01-07 09:35:35,505 web.py 2246:200 GET /fsmain?curpath=public/image (::1) 15.93ms
[INFO] 2020-01-07 09:35:35,811 web.py 2246:200 GET /favicon.ico (::1) 259.31ms
[INFO] 2020-01-07 09:39:01,824 hd_main.py 21:GET /fsmain?curpath=public/image (::1) ,main page. curpath: public/image
[INFO] 2020-01-07 09:39:01,833 web.py 2246:200 GET /fsmain?curpath=public/image (::1) 15.99ms
[INFO] 2020-01-07 09:39:02,135 web.py 2246:200 GET /favicon.ico (::1) 254.35ms
[INFO] 2020-01-07 09:41:11,104 hd_main.py 21:GET /fsmain?curpath=public/image (::1) ,main page. curpath: public/image
[INFO] 2020-01-07 09:41:11,114 web.py 2246:200 GET /fsmain?curpath=public/image (::1) 14.99ms
[INFO] 2020-01-07 09:41:11,415 web.py 2246:200 GET /favicon.ico (::1) 251.33ms
[INFO] 2020-01-07 09:46:49,191 hd_main.py 21:GET /fsmain?curpath=public/image (::1) ,main page. curpath: public/image
[INFO] 2020-01-07 09:46:49,206 web.py 2246:200 GET /fsmain?curpath=public/image (::1) 19.95ms
[INFO] 2020-01-07 09:46:49,506 web.py 2246:200 GET /favicon.ico (::1) 252.33ms
[INFO] 2020-01-07 09:52:33,209 hd_main.py 21:GET /fsmain?curpath=public/image (::1) ,main page. curpath: public/image
[INFO] 2020-01-07 09:52:33,222 web.py 2246:200 GET /fsmain?curpath=public/image (::1) 18.98ms
[INFO] 2020-01-07 09:52:33,518 web.py 2246:200 GET /favicon.ico (::1) 249.36ms
[INFO] 2020-01-07 09:55:36,590 hd_main.py 21:GET /fsmain?curpath=public/image (::1) ,main page. curpath: public/image
[INFO] 2020-01-07 09:55:36,600 web.py 2246:200 GET /fsmain?curpath=public/image (::1) 15.96ms
[INFO] 2020-01-07 09:55:36,891 web.py 2246:200 GET /favicon.ico (::1) 244.35ms
[INFO] 2020-01-07 09:59:29,395 hd_main.py 21:GET /fsmain?curpath=public/image (::1) ,main page. curpath: public/image
[INFO] 2020-01-07 09:59:29,405 web.py 2246:200 GET /fsmain?curpath=public/image (::1) 16.95ms
[INFO] 2020-01-07 09:59:29,700 web.py 2246:200 GET /favicon.ico (::1) 250.33ms
[INFO] 2020-01-07 10:01:12,118 hd_main.py 21:GET /fsmain?curpath=public/image (::1) ,main page. curpath: public/image
[INFO] 2020-01-07 10:01:12,130 web.py 2246:200 GET /fsmain?curpath=public/image (::1) 16.98ms
[INFO] 2020-01-07 10:01:12,429 web.py 2246:200 GET /favicon.ico (::1) 245.34ms
[INFO] 2020-01-07 10:05:25,463 hd_main.py 21:GET /fsmain?curpath=public/image (::1) ,main page. curpath: public/image
[INFO] 2020-01-07 10:05:25,474 web.py 2246:200 GET /fsmain?curpath=public/image (::1) 15.96ms
[INFO] 2020-01-07 10:05:25,765 web.py 2246:200 GET /favicon.ico (::1) 244.34ms
[INFO] 2020-01-07 10:07:01,855 hd_main.py 21:GET /fsmain?curpath=public/image (::1) ,main page. curpath: public/image
[INFO] 2020-01-07 10:07:01,866 web.py 2246:200 GET /fsmain?curpath=public/image (::1) 15.98ms
[INFO] 2020-01-07 10:07:02,179 web.py 2246:200 GET /favicon.ico (::1) 243.33ms
[INFO] 2020-01-07 10:12:10,899 hd_main.py 21:GET /fsmain?curpath=public/image (::1) ,main page. curpath: public/image
[INFO] 2020-01-07 10:12:10,913 web.py 2246:200 GET /fsmain?curpath=public/image (::1) 21.97ms
[INFO] 2020-01-07 10:12:11,179 web.py 2246:200 GET /static/css/bootstrap.min.css?v=5057f321f0dc85cd8da94a0c5f67a8f4 (::1) 255.32ms
[INFO] 2020-01-07 10:12:11,182 web.py 2246:200 GET /static/js/jquery.min.js?v=9a094379d98c6458d480ad5a51c4aa27 (::1) 2.99ms
[INFO] 2020-01-07 10:12:11,183 web.py 2246:200 GET /static/js/bootstrap.min.js?v=04c84852e9937b142ac73c285b895b85 (::1) 2.99ms
[INFO] 2020-01-07 10:12:11,186 web.py 2246:200 GET /static/css/fscss/common.css?v=8167d9d7b234f4ffaad30da5246e95c1 (::1) 2.99ms
[INFO] 2020-01-07 10:12:11,216 web.py 2246:200 GET /static/fonts/glyphicons-halflings-regular.woff2 (::1) 11.97ms
[INFO] 2020-01-07 10:12:11,229 web.py 2246:200 GET /favicon.ico (::1) 1.00ms
[INFO] 2020-01-07 10:12:26,712 web.py 2246:200 POST /rename (::1) 3.99ms
[INFO] 2020-01-07 10:12:26,721 hd_main.py 21:GET /fsmain?curpath=public/image (::1) ,main page. curpath: public/image
[INFO] 2020-01-07 10:12:26,725 web.py 2246:200 GET /fsmain?curpath=public/image (::1) 6.00ms
[INFO] 2020-01-07 10:14:08,122 hd_main.py 21:GET /fsmain?curpath=public/image (::1) ,main page. curpath: public/image
[INFO] 2020-01-07 10:14:08,134 web.py 2246:200 GET /fsmain?curpath=public/image (::1) 16.95ms
[INFO] 2020-01-07 10:14:08,419 web.py 2246:200 GET /static/css/bootstrap.min.css?v=5057f321f0dc85cd8da94a0c5f67a8f4 (::1) 274.26ms
[INFO] 2020-01-07 10:14:08,421 web.py 2246:200 GET /static/css/fscss/common.css?v=8167d9d7b234f4ffaad30da5246e95c1 (::1) 2.00ms
[INFO] 2020-01-07 10:14:08,423 web.py 2246:200 GET /static/js/jquery.min.js?v=9a094379d98c6458d480ad5a51c4aa27 (::1) 1.00ms
[INFO] 2020-01-07 10:14:08,425 web.py 2246:200 GET /static/js/bootstrap.min.js?v=04c84852e9937b142ac73c285b895b85 (::1) 2.99ms
[INFO] 2020-01-07 10:14:08,445 web.py 2246:200 GET /static/fonts/glyphicons-halflings-regular.woff2 (::1) 1.00ms
[INFO] 2020-01-07 10:14:08,467 web.py 2246:200 GET /favicon.ico (::1) 1.00ms
[INFO] 2020-01-07 10:47:54,609 hd_main.py 21:GET /fsmain?curpath=public/image (::1) ,main page. curpath: public/image
[ERROR] 2020-01-07 10:47:54,723 web.py 2246:500 GET /fsmain?curpath=public/image (::1) 118.71ms
[INFO] 2020-01-07 10:47:54,996 web.py 2246:200 GET /favicon.ico (::1) 256.34ms
[INFO] 2020-01-07 11:01:15,870 hd_main.py 21:GET /fsmain?curpath=public/image (::1) ,main page. curpath: public/image
[ERROR] 2020-01-07 11:01:15,883 web.py 2246:500 GET /fsmain?curpath=public/image (::1) 16.99ms
[INFO] 2020-01-07 11:01:16,145 web.py 2246:200 GET /favicon.ico (::1) 252.35ms
[INFO] 2020-01-07 11:01:21,220 hd_main.py 21:GET /fsmain?curpath=public/image (::1) ,main page. curpath: public/image
[ERROR] 2020-01-07 11:01:21,225 web.py 2246:500 GET /fsmain?curpath=public/image (::1) 6.98ms
[INFO] 2020-01-07 11:01:21,240 web.py 2246:200 GET /favicon.ico (::1) 1.03ms
[INFO] 2020-01-07 11:01:50,714 hd_main.py 21:GET /fsmain?curpath=public/image (::1) ,main page. curpath: public/image
[INFO] 2020-01-07 11:01:50,725 web.py 2246:200 GET /fsmain?curpath=public/image (::1) 17.93ms
[INFO] 2020-01-07 11:01:51,035 web.py 2246:200 GET /favicon.ico (::1) 248.33ms
[WARNING] 2020-01-07 11:01:55,378 web.py 2246:404 GET /move?curpath=public%2Fimage&action=curpath (::1) 1.00ms
[INFO] 2020-01-07 11:03:30,494 hd_main.py 21:GET /fsmain?curpath=public/image (::1) ,main page. curpath: public/image
[INFO] 2020-01-07 11:03:30,506 web.py 2246:200 GET /fsmain?curpath=public/image (::1) 16.99ms
[INFO] 2020-01-07 11:03:30,771 web.py 2246:200 GET /static/css/bootstrap.min.css?v=5057f321f0dc85cd8da94a0c5f67a8f4 (::1) 252.35ms
[INFO] 2020-01-07 11:03:30,775 web.py 2246:200 GET /static/js/jquery.min.js?v=9a094379d98c6458d480ad5a51c4aa27 (::1) 3.00ms
[INFO] 2020-01-07 11:03:30,776 web.py 2246:200 GET /static/js/bootstrap.min.js?v=04c84852e9937b142ac73c285b895b85 (::1) 2.99ms
[INFO] 2020-01-07 11:03:30,777 web.py 2246:200 GET /static/css/fscss/common.css?v=8167d9d7b234f4ffaad30da5246e95c1 (::1) 3.99ms
[INFO] 2020-01-07 11:03:30,798 web.py 2246:200 GET /static/fonts/glyphicons-halflings-regular.woff2 (::1) 0.97ms
[INFO] 2020-01-07 11:03:30,822 web.py 2246:200 GET /favicon.ico (::1) 1.00ms
[WARNING] 2020-01-07 11:03:33,547 web.py 2246:404 GET /move?curpath=public%2Fimage&action=curpath (::1) 1.01ms
[INFO] 2020-01-07 11:05:02,453 hd_main.py 21:GET /fsmain?curpath=public/image (::1) ,main page. curpath: public/image
[INFO] 2020-01-07 11:05:02,465 web.py 2246:200 GET /fsmain?curpath=public/image (::1) 16.98ms
[INFO] 2020-01-07 11:05:02,735 web.py 2246:200 GET /static/css/bootstrap.min.css?v=5057f321f0dc85cd8da94a0c5f67a8f4 (::1) 252.29ms
[INFO] 2020-01-07 11:05:02,739 web.py 2246:200 GET /static/js/jquery.min.js?v=9a094379d98c6458d480ad5a51c4aa27 (::1) 2.00ms
[INFO] 2020-01-07 11:05:02,739 web.py 2246:200 GET /static/js/bootstrap.min.js?v=04c84852e9937b142ac73c285b895b85 (::1) 2.00ms
[INFO] 2020-01-07 11:05:02,741 web.py 2246:200 GET /static/css/fscss/common.css?v=8167d9d7b234f4ffaad30da5246e95c1 (::1) 3.99ms
[INFO] 2020-01-07 11:05:02,763 web.py 2246:200 GET /static/fonts/glyphicons-halflings-regular.woff2 (::1) 1.00ms
[INFO] 2020-01-07 11:05:02,784 web.py 2246:200 GET /favicon.ico (::1) 1.03ms
[WARNING] 2020-01-07 11:05:05,298 web.py 2246:404 GET /move?curpath=public%2Fimage&action=curpath (::1) 1.00ms
[INFO] 2020-01-07 11:07:40,752 web.py 2246:200 GET /move?curpath=public%2Fimage&action=curpath (::1) 14.99ms
[INFO] 2020-01-07 11:13:56,289 hd_main.py 21:GET /fsmain?curpath=public/image (::1) ,main page. curpath: public/image
[INFO] 2020-01-07 11:13:56,302 web.py 2246:200 GET /fsmain?curpath=public/image (::1) 18.98ms
[INFO] 2020-01-07 11:13:56,607 web.py 2246:200 GET /favicon.ico (::1) 255.32ms
[INFO] 2020-01-07 11:13:59,422 web.py 2246:200 GET /move?curpath=public%2Fimage&action=curpath (::1) 4.99ms
[INFO] 2020-01-07 11:15:15,435 web.py 2246:200 GET /move?curpath=public%2Fimage&action=curpath (::1) 10.00ms
[INFO] 2020-01-07 11:15:25,445 web.py 2246:200 GET /move?curpath=public%2Fimage&action=super (::1) 5.98ms
